<?xml version="1.0" encoding="UTF-8"?>
<testsuite name="com.shop.address.test.dao.GetShopsListTest" tests="4" skipped="0" failures="0" errors="0" timestamp="2016-09-14T15:14:15" hostname="yash-PC" time="0.027">
  <properties/>
  <testcase name="invalidValueTest" classname="com.shop.address.test.dao.GetShopsListTest" time="0.003"/>
  <testcase name="invalidRangeTest" classname="com.shop.address.test.dao.GetShopsListTest" time="0.002"/>
  <testcase name="shopsNotFoundTest" classname="com.shop.address.test.dao.GetShopsListTest" time="0.021"/>
  <testcase name="invalidFormatTest" classname="com.shop.address.test.dao.GetShopsListTest" time="0.001"/>
  <system-out><![CDATA[Not a valid longitude. Longitude shoud be between (-180 and 180)
Before reading file
After reading file
shopsJsonString{"shops":[{"postalCode":"411001","latitude":"18.5198051","shopName":"citadel","shopNumber":"d3","longitude":"73.9060204"},{"postalCode":"4110036","latitude":"18.5203044","shopName":"citadel enclave","shopNumber":"d3","longitude":"73.90675519999999"},{"postalCode":"411001","latitude":"18.5198051","shopName":"citadel","shopNumber":"d3","longitude":"73.9060204"},{"postalCode":"411001","latitude":"33.7147049","shopName":"Citadel","shopNumber":"123","longitude":"-117.7646939"},{"postalCode":"411001","latitude":"18.5198051","shopName":"Citadel","shopNumber":"d3","longitude":"73.9060204"},{"postalCode":"411001","latitude":"18.5198051","shopName":"Citadel","shopNumber":"d3","longitude":"73.9060204"},{"postalCode":"411001","latitude":"18.5198051","shopName":"Citadel","shopNumber":"d3","longitude":"73.9060204"},{"postalCode":"411001","latitude":"18.5198051","shopName":"Citadel","shopNumber":"d3","longitude":"73.9060204"},{"postalCode":"411001","latitude":"18.5198051","shopName":"Citadel","shopNumber":"d3","longitude":"73.9060204"},{"postalCode":"411001","latitude":"18.5198051","shopName":"Citadel","shopNumber":"d3","longitude":"73.9060204"},{"postalCode":"411001","latitude":"18.5198051","shopName":"Citadel","shopNumber":"d3","longitude":"73.9060204"},{"postalCode":"411001","latitude":"18.5198051","shopName":"Citadel","shopNumber":"d3","longitude":"73.9060204"},{"postalCode":"411001","latitude":"18.5198051","shopName":"Citadel","shopNumber":"d3","longitude":"73.9060204"},{"postalCode":"411001","latitude":"18.5198051","shopName":"Citadel","shopNumber":"d3","longitude":"73.9060204"},{"postalCode":"411001","latitude":"18.5198051","shopName":"Citadel","shopNumber":"d3","longitude":"73.9060204"},{"postalCode":"411001","latitude":"18.5198051","shopName":"Citadel","shopNumber":"d3","longitude":"73.9060204"},{"postalCode":"411001","latitude":"18.5198051","shopName":"Citadel","shopNumber":"d3","longitude":"73.9060204"},{"postalCode":"411001","latitude":"18.5198051","shopName":"Citadel","shopNumber":"d3","longitude":"73.9060204"},{"postalCode":"411001","latitude":"18.5198051","shopName":"Citadel","shopNumber":"d3","longitude":"73.9060204"},{"postalCode":"411036","latitude":"45.3434343","shopName":"CitadelEnclave","shopNumber":"d3","longitude":"56.3434343"},{"postalCode":"123456","latitude":"45.565777","shopName":"ABB","shopNumber":"123","longitude":"34.000000"},{"postalCode":"123456","latitude":"45.565777","shopName":"ABB","shopNumber":"123","longitude":"34.000000"},{"postalCode":"411001","latitude":"18.5198051","shopName":"Citadel","shopNumber":"d3","longitude":"73.9060204"},{"postalCode":"411001","latitude":"18.5198051","shopName":"Citadel","shopNumber":"d3","longitude":"73.9060204"},{"postalCode":"123456","latitude":"45.565777","shopName":"ABB","shopNumber":"123","longitude":"34.000000"},{"postalCode":"411001","latitude":"18.5198051","shopName":"Citadel","shopNumber":"d3","longitude":"73.9060204"},{"postalCode":"123456","latitude":"45.565777","shopName":"ABB","shopNumber":"123","longitude":"34.000000"},{"postalCode":"123456","latitude":"45.565777","shopName":"ABB","shopNumber":"123","longitude":"34.000000"},{"postalCode":"123456","latitude":"45.565777","shopName":"ABB","shopNumber":"123","longitude":"34.000000"},{"postalCode":"123456","latitude":"45.565777","shopName":"ABB","shopNumber":"123","longitude":"34.000000"},{"postalCode":"123456","latitude":"45.565777","shopName":"ABB","shopNumber":"123","longitude":"34.000000"}]}
Response Json is :[]
Number format exception occured
]]></system-out>
  <system-err><![CDATA[]]></system-err>
</testsuite>
