<?xml version="1.0" encoding="UTF-8"?>
<testsuite name="com.shop.address.test.dao.ShopDaoTest" tests="4" skipped="0" failures="0" errors="0" timestamp="2016-09-14T15:14:15" hostname="yash-PC" time="0.012">
  <properties/>
  <testcase name="testSaveDaoNullTest" classname="com.shop.address.test.dao.ShopDaoTest" time="0.003"/>
  <testcase name="testSaveDaoEmptyTest" classname="com.shop.address.test.dao.ShopDaoTest" time="0.0"/>
  <testcase name="testSaveDaoTest" classname="com.shop.address.test.dao.ShopDaoTest" time="0.008"/>
  <testcase name="testSaveDaoInValidLonglatTest" classname="com.shop.address.test.dao.ShopDaoTest" time="0.001"/>
  <system-out><![CDATA[shopsJsonString{"shops":[{"postalCode":"411001","latitude":"18.5198051","shopName":"citadel","shopNumber":"d3","longitude":"73.9060204"},{"postalCode":"4110036","latitude":"18.5203044","shopName":"citadel enclave","shopNumber":"d3","longitude":"73.90675519999999"},{"postalCode":"411001","latitude":"18.5198051","shopName":"citadel","shopNumber":"d3","longitude":"73.9060204"},{"postalCode":"411001","latitude":"33.7147049","shopName":"Citadel","shopNumber":"123","longitude":"-117.7646939"},{"postalCode":"411001","latitude":"18.5198051","shopName":"Citadel","shopNumber":"d3","longitude":"73.9060204"},{"postalCode":"411001","latitude":"18.5198051","shopName":"Citadel","shopNumber":"d3","longitude":"73.9060204"},{"postalCode":"411001","latitude":"18.5198051","shopName":"Citadel","shopNumber":"d3","longitude":"73.9060204"},{"postalCode":"411001","latitude":"18.5198051","shopName":"Citadel","shopNumber":"d3","longitude":"73.9060204"},{"postalCode":"411001","latitude":"18.5198051","shopName":"Citadel","shopNumber":"d3","longitude":"73.9060204"},{"postalCode":"411001","latitude":"18.5198051","shopName":"Citadel","shopNumber":"d3","longitude":"73.9060204"},{"postalCode":"411001","latitude":"18.5198051","shopName":"Citadel","shopNumber":"d3","longitude":"73.9060204"},{"postalCode":"411001","latitude":"18.5198051","shopName":"Citadel","shopNumber":"d3","longitude":"73.9060204"},{"postalCode":"411001","latitude":"18.5198051","shopName":"Citadel","shopNumber":"d3","longitude":"73.9060204"},{"postalCode":"411001","latitude":"18.5198051","shopName":"Citadel","shopNumber":"d3","longitude":"73.9060204"},{"postalCode":"411001","latitude":"18.5198051","shopName":"Citadel","shopNumber":"d3","longitude":"73.9060204"},{"postalCode":"411001","latitude":"18.5198051","shopName":"Citadel","shopNumber":"d3","longitude":"73.9060204"},{"postalCode":"411001","latitude":"18.5198051","shopName":"Citadel","shopNumber":"d3","longitude":"73.9060204"},{"postalCode":"411001","latitude":"18.5198051","shopName":"Citadel","shopNumber":"d3","longitude":"73.9060204"},{"postalCode":"411001","latitude":"18.5198051","shopName":"Citadel","shopNumber":"d3","longitude":"73.9060204"},{"postalCode":"411036","latitude":"45.3434343","shopName":"CitadelEnclave","shopNumber":"d3","longitude":"56.3434343"},{"postalCode":"123456","latitude":"45.565777","shopName":"ABB","shopNumber":"123","longitude":"34.000000"},{"postalCode":"123456","latitude":"45.565777","shopName":"ABB","shopNumber":"123","longitude":"34.000000"},{"postalCode":"411001","latitude":"18.5198051","shopName":"Citadel","shopNumber":"d3","longitude":"73.9060204"},{"postalCode":"411001","latitude":"18.5198051","shopName":"Citadel","shopNumber":"d3","longitude":"73.9060204"},{"postalCode":"123456","latitude":"45.565777","shopName":"ABB","shopNumber":"123","longitude":"34.000000"},{"postalCode":"411001","latitude":"18.5198051","shopName":"Citadel","shopNumber":"d3","longitude":"73.9060204"},{"postalCode":"123456","latitude":"45.565777","shopName":"ABB","shopNumber":"123","longitude":"34.000000"},{"postalCode":"123456","latitude":"45.565777","shopName":"ABB","shopNumber":"123","longitude":"34.000000"},{"postalCode":"123456","latitude":"45.565777","shopName":"ABB","shopNumber":"123","longitude":"34.000000"},{"postalCode":"123456","latitude":"45.565777","shopName":"ABB","shopNumber":"123","longitude":"34.000000"},{"postalCode":"123456","latitude":"45.565777","shopName":"ABB","shopNumber":"123","longitude":"34.000000"}]}
Number formating exception occured
]]></system-out>
  <system-err><![CDATA[]]></system-err>
</testsuite>
